<?xml version="1.0" encoding="UTF-8"?>
<testsuite xmlns:xsi="http://www.w3.org/2001/XMLSchema-instance" xsi:noNamespaceSchemaLocation="https://maven.apache.org/surefire/maven-surefire-plugin/xsd/surefire-test-report-3.0.xsd" version="3.0" name="Amazon Arama" time="11.926" tests="2" errors="0" skipped="0" failures="0">
  <properties>
[...]
</properties>
  <testcase name="TC02_kullanici amazonda arama yapar" classname="Amazon Arama" time="6.142">
    <system-out><![CDATA[setUp ��al����t��.
1-16 of over 20,000 results for "headphones"
tearDown ��al����t��.
]]></system-out>
  </testcase>
  <testcase name="TC03_kullanici amazonda arama yapar" classname="Amazon Arama" time="5.784">
    <system-out><![CDATA[setUp ��al����t��.
1-16 of over 10,000 results for "camera"
tearDown ��al����t��.
]]></system-out>
  </testcase>
</testsuite>